{"level":"info","message":"Fetching all users","timestamp":"2025-01-14 21:20:26"}
{"level":"info","message":"Successfully retrieved 2 users","timestamp":"2025-01-14 21:20:26"}
{"email":"john@example.com","level":"info","message":"Creating new user","timestamp":"2025-01-14 21:20:54"}
{"email":"john@example.com","level":"warn","message":"Email already registered","timestamp":"2025-01-14 21:20:54"}
{"email":"seller@example.com","level":"info","message":"Creating new user","timestamp":"2025-01-14 21:21:18"}
{"email":"seller@example.com","level":"warn","message":"Email already registered","timestamp":"2025-01-14 21:21:18"}
{"level":"info","message":"Server started on port 3000","timestamp":"2025-01-14 21:24:21"}
{"level":"info","message":"Connected to MongoDB","timestamp":"2025-01-14 21:24:21"}
2025-01-14 21:28:56 - info: Server started on port 3000
2025-01-14 21:28:56 - info: Connected to MongoDB
2025-01-14 21:33:15 - info: Server started on port 3000
2025-01-14 21:33:15 - info: Connected to MongoDB
2025-01-14 21:33:20 - info: Server started on port 3000
2025-01-14 21:33:20 - info: Connected to MongoDB
2025-01-14 21:34:51 - info: Server started on port 3000
2025-01-14 21:34:51 - info: Connected to MongoDB
2025-01-14 21:36:15 - info: Server started on port 3000
2025-01-14 21:36:15 - info: Connected to MongoDB
2025-01-14 21:37:29 - info: Server started on port 3000
2025-01-14 21:37:29 - info: Connected to MongoDB
2025-01-14 21:37:54 - info: User login attempt
2025-01-14 21:37:54 - error: Error during login
2025-01-14 21:37:54 - info: HTTP Request
2025-01-14 21:38:26 - info: Server started on port 3000
2025-01-14 21:38:26 - info: Connected to MongoDB
2025-01-14 21:38:30 - info: User login attempt
2025-01-14 21:38:30 - info: User john@example.com logged in successfully
2025-01-14 21:38:30 - info: HTTP Request
2025-01-14 21:40:21 - info: Server started on port 3000
2025-01-14 21:40:21 - info: Connected to MongoDB
2025-01-14 21:41:08 - info: Server started on port 3000
2025-01-14 21:41:08 - info: Connected to MongoDB
2025-01-14 21:41:23 - info: Server started on port 3000
2025-01-14 21:41:23 - info: Connected to MongoDB
2025-01-14 21:47:25 - warn: Authentication failed: No token provided
2025-01-14 21:47:25 - info: HTTP Request
2025-01-14 21:47:29 - warn: Authentication failed: No token provided
2025-01-14 21:47:29 - info: HTTP Request
2025-01-14 21:47:45 - info: User login attempt
2025-01-14 21:47:45 - info: User john@example.com logged in successfully
2025-01-14 21:47:45 - info: HTTP Request
2025-01-14 21:48:21 - info: HTTP Request
2025-01-14 21:48:55 - info: HTTP Request
2025-01-14 21:48:57 - warn: Authentication failed: No token provided
2025-01-14 21:48:57 - info: HTTP Request
2025-01-14 22:12:02 - info: HTTP Request
2025-01-14 22:12:56 - info: HTTP Request
2025-01-14 22:18:39 - info: Server started on port 3000
2025-01-14 22:18:39 - info: Connected to MongoDB
2025-01-14 22:18:51 - info: User login attempt
2025-01-14 22:18:52 - info: User john@example.com logged in successfully
2025-01-14 22:18:52 - info: HTTP Request
2025-01-14 22:32:15 - info: User login attempt
2025-01-14 22:32:15 - info: User john@example.com logged in successfully
2025-01-14 22:32:15 - info: HTTP Request
2025-01-15 06:20:21 - info: Creating new user
2025-01-15 06:20:21 - error: Error creating user
2025-01-15 06:20:21 - info: HTTP Request
2025-01-15 06:20:42 - info: Creating new user
2025-01-15 06:20:42 - info: User created successfully
2025-01-15 06:20:42 - info: HTTP Request
2025-01-15 06:21:55 - info: User login attempt
2025-01-15 06:21:55 - info: User suresh@example.com logged in successfully
2025-01-15 06:21:55 - info: HTTP Request
2025-01-15 06:22:14 - info: User login attempt
2025-01-15 06:22:14 - info: User suresh@example.com logged in successfully
2025-01-15 06:22:14 - info: HTTP Request
2025-01-15 06:22:22 - info: User login attempt
2025-01-15 06:22:22 - info: User suresh@example.com logged in successfully
2025-01-15 06:22:22 - info: HTTP Request
2025-01-15 06:31:10 - info: User login attempt
2025-01-15 06:31:10 - info: User suresh@example.com logged in successfully
2025-01-15 06:31:10 - info: HTTP Request
2025-01-15 17:15:21 - info: User login attempt
2025-01-15 17:15:21 - info: User suresh@example.com logged in successfully
2025-01-15 17:15:21 - info: HTTP Request
2025-01-15 17:24:10 - info: User login attempt
2025-01-15 17:24:11 - info: User suresh@example.com logged in successfully
2025-01-15 17:24:11 - info: HTTP Request
2025-01-15 17:24:20 - info: User login attempt
2025-01-15 17:24:21 - info: User suresh@example.com logged in successfully
2025-01-15 17:24:21 - info: HTTP Request
2025-01-15 17:34:52 - warn: Authentication failed: No token provided
2025-01-15 17:34:52 - info: HTTP Request
2025-01-15 17:34:52 - warn: Authentication failed: No token provided
2025-01-15 17:34:52 - info: HTTP Request
2025-01-15 17:34:52 - warn: Authentication failed: No token provided
2025-01-15 17:34:52 - info: HTTP Request
2025-01-15 17:34:52 - warn: Authentication failed: No token provided
2025-01-15 17:34:52 - info: HTTP Request
2025-01-15 17:34:52 - warn: Authentication failed: No token provided
2025-01-15 17:34:52 - info: HTTP Request
2025-01-15 17:34:52 - warn: Authentication failed: No token provided
2025-01-15 17:34:52 - info: HTTP Request
2025-01-15 17:34:52 - warn: Authentication failed: No token provided
2025-01-15 17:34:52 - info: HTTP Request
2025-01-15 17:34:52 - warn: Authentication failed: No token provided
2025-01-15 17:34:52 - info: HTTP Request
2025-01-15 17:34:52 - warn: Authentication failed: No token provided
2025-01-15 17:34:52 - info: HTTP Request
2025-01-15 17:34:52 - warn: Authentication failed: No token provided
2025-01-15 17:34:52 - info: HTTP Request
2025-01-15 17:34:52 - warn: Authentication failed: No token provided
2025-01-15 17:34:52 - info: HTTP Request
2025-01-15 17:34:52 - warn: Authentication failed: No token provided
2025-01-15 17:34:52 - info: HTTP Request
2025-01-15 17:35:00 - info: User login attempt
2025-01-15 17:35:00 - info: User suresh@example.com logged in successfully
2025-01-15 17:35:00 - info: HTTP Request
2025-01-15 17:35:19 - info: HTTP Request
2025-01-15 17:35:19 - info: HTTP Request
2025-01-15 17:35:19 - info: HTTP Request
2025-01-15 17:35:19 - info: HTTP Request
2025-01-15 17:36:22 - info: User login attempt
2025-01-15 17:36:22 - info: User suresh@example.com logged in successfully
2025-01-15 17:36:22 - info: HTTP Request
2025-01-15 17:39:44 - info: User login attempt
2025-01-15 17:39:44 - info: User suresh@example.com logged in successfully
2025-01-15 17:39:44 - info: HTTP Request
2025-01-15 17:39:54 - info: HTTP Request
2025-01-15 17:39:54 - info: HTTP Request
2025-01-15 17:39:54 - info: HTTP Request
2025-01-15 17:39:54 - info: HTTP Request
2025-01-15 17:39:54 - info: HTTP Request
2025-01-15 17:39:54 - info: HTTP Request
2025-01-15 17:39:54 - info: HTTP Request
2025-01-15 17:39:54 - info: HTTP Request
2025-01-15 17:39:54 - info: HTTP Request
2025-01-15 17:39:54 - info: HTTP Request
2025-01-15 17:39:54 - info: HTTP Request
2025-01-15 17:39:54 - info: HTTP Request
2025-01-15 17:40:39 - info: HTTP Request
2025-01-15 17:40:49 - info: HTTP Request
2025-01-15 17:40:49 - info: HTTP Request
2025-01-15 17:40:49 - info: HTTP Request
2025-01-15 17:40:49 - info: HTTP Request
2025-01-15 17:41:00 - warn: Authentication failed: No token provided
2025-01-15 17:41:00 - info: HTTP Request
2025-01-15 17:41:00 - warn: Authentication failed: No token provided
2025-01-15 17:41:00 - info: HTTP Request
2025-01-15 17:41:00 - warn: Authentication failed: No token provided
2025-01-15 17:41:00 - info: HTTP Request
2025-01-15 17:41:00 - warn: Authentication failed: No token provided
2025-01-15 17:41:00 - info: HTTP Request
2025-01-15 17:41:00 - warn: Authentication failed: No token provided
2025-01-15 17:41:00 - info: HTTP Request
2025-01-15 17:41:00 - warn: Authentication failed: No token provided
2025-01-15 17:41:00 - info: HTTP Request
2025-01-15 17:41:05 - info: HTTP Request
2025-01-15 17:41:05 - info: HTTP Request
2025-01-15 17:41:05 - info: HTTP Request
2025-01-15 17:41:05 - info: HTTP Request
2025-01-15 17:41:24 - info: HTTP Request
2025-01-15 17:41:24 - info: HTTP Request
2025-01-15 17:41:24 - info: HTTP Request
2025-01-15 17:41:24 - info: HTTP Request
2025-01-15 17:41:24 - info: HTTP Request
2025-01-15 17:41:24 - info: HTTP Request
2025-01-15 17:41:24 - info: HTTP Request
2025-01-15 17:41:24 - info: HTTP Request
2025-01-15 17:41:24 - info: HTTP Request
2025-01-15 17:41:24 - info: HTTP Request
2025-01-15 17:41:24 - info: HTTP Request
2025-01-15 17:41:24 - info: HTTP Request
2025-01-15 17:41:41 - info: User login attempt
2025-01-15 17:41:41 - info: User suresh@example.com logged in successfully
2025-01-15 17:41:41 - info: HTTP Request
2025-01-15 17:42:11 - info: HTTP Request
2025-01-15 17:42:11 - info: HTTP Request
2025-01-15 17:42:11 - info: HTTP Request
2025-01-15 17:42:11 - info: HTTP Request
2025-01-15 17:42:11 - info: HTTP Request
2025-01-15 17:42:11 - info: HTTP Request
2025-01-15 17:42:11 - info: HTTP Request
2025-01-15 17:42:11 - info: HTTP Request
2025-01-15 17:42:11 - info: HTTP Request
2025-01-15 17:42:11 - info: HTTP Request
2025-01-15 17:42:11 - info: HTTP Request
2025-01-15 17:42:11 - info: HTTP Request
2025-01-15 18:35:23 - warn: Authentication failed: No token provided
2025-01-15 18:35:23 - info: HTTP Request
2025-01-15 18:35:23 - warn: Authentication failed: No token provided
2025-01-15 18:35:23 - info: HTTP Request
2025-01-15 18:35:23 - warn: Authentication failed: No token provided
2025-01-15 18:35:23 - info: HTTP Request
2025-01-15 18:35:23 - warn: Authentication failed: No token provided
2025-01-15 18:35:23 - info: HTTP Request
2025-01-15 18:35:23 - warn: Authentication failed: No token provided
2025-01-15 18:35:23 - info: HTTP Request
2025-01-15 18:35:23 - warn: Authentication failed: No token provided
2025-01-15 18:35:23 - info: HTTP Request
2025-01-15 18:35:35 - info: User login attempt
2025-01-15 18:35:35 - info: User suresh@example.com logged in successfully
2025-01-15 18:35:35 - info: HTTP Request
2025-01-15 18:59:24 - info: User login attempt
2025-01-15 18:59:24 - info: User suresh@example.com logged in successfully
2025-01-15 18:59:24 - info: HTTP Request
2025-01-15 18:59:37 - info: HTTP Request
2025-01-15 18:59:37 - info: HTTP Request
2025-01-15 18:59:37 - info: HTTP Request
2025-01-15 18:59:37 - info: HTTP Request
2025-01-15 18:59:37 - info: HTTP Request
2025-01-15 18:59:37 - info: HTTP Request
2025-01-15 18:59:37 - info: HTTP Request
2025-01-15 18:59:37 - info: HTTP Request
2025-01-15 18:59:37 - info: HTTP Request
2025-01-15 18:59:37 - info: HTTP Request
2025-01-15 18:59:37 - info: HTTP Request
2025-01-15 18:59:37 - info: HTTP Request
2025-01-15 19:01:00 - info: HTTP Request
2025-01-15 19:01:00 - info: HTTP Request
2025-01-15 19:01:00 - info: HTTP Request
2025-01-15 19:01:00 - info: HTTP Request
2025-01-15 19:01:00 - info: HTTP Request
2025-01-15 19:01:00 - info: HTTP Request
2025-01-15 19:01:00 - info: HTTP Request
2025-01-15 19:01:00 - info: HTTP Request
2025-01-15 19:01:00 - info: HTTP Request
2025-01-15 19:01:00 - info: HTTP Request
2025-01-15 19:01:00 - info: HTTP Request
2025-01-15 19:01:00 - info: HTTP Request
2025-01-15 19:01:14 - info: HTTP Request
2025-01-15 19:01:14 - info: HTTP Request
2025-01-15 19:01:14 - info: HTTP Request
2025-01-15 19:01:14 - info: HTTP Request
2025-01-15 19:02:02 - info: HTTP Request
2025-01-15 19:02:02 - info: HTTP Request
2025-01-15 19:02:02 - info: HTTP Request
2025-01-15 19:02:02 - info: HTTP Request
2025-01-15 19:02:02 - info: HTTP Request
2025-01-15 19:02:02 - info: HTTP Request
2025-01-15 19:02:02 - info: HTTP Request
2025-01-15 19:02:02 - info: HTTP Request
2025-01-15 19:02:02 - info: HTTP Request
2025-01-15 19:02:02 - info: HTTP Request
2025-01-15 19:02:02 - info: HTTP Request
2025-01-15 19:02:02 - info: HTTP Request
2025-01-15 19:03:05 - info: Server started on port 3000
2025-01-15 19:03:05 - info: Connected to MongoDB
2025-01-15 19:04:25 - info: Server started on port 3000
2025-01-15 19:04:25 - info: Connected to MongoDB
2025-01-15 19:05:17 - info: Server started on port 3000
2025-01-15 19:05:17 - info: Connected to MongoDB
2025-01-15 19:05:37 - info: HTTP Request
2025-01-15 19:05:37 - info: HTTP Request
2025-01-15 19:05:37 - info: HTTP Request
2025-01-15 19:05:37 - info: HTTP Request
2025-01-15 19:05:37 - info: HTTP Request
2025-01-15 19:05:37 - info: HTTP Request
2025-01-15 19:05:37 - info: HTTP Request
2025-01-15 19:05:37 - info: HTTP Request
2025-01-15 19:05:37 - info: HTTP Request
2025-01-15 19:05:37 - info: HTTP Request
2025-01-15 19:05:37 - info: HTTP Request
2025-01-15 19:05:37 - info: HTTP Request
2025-01-15 19:05:49 - info: HTTP Request
2025-01-15 19:05:49 - info: HTTP Request
2025-01-15 19:05:49 - info: HTTP Request
2025-01-15 19:05:49 - info: HTTP Request
2025-01-15 19:05:49 - info: HTTP Request
2025-01-15 19:05:49 - info: HTTP Request
2025-01-15 19:05:49 - info: HTTP Request
2025-01-15 19:05:49 - info: HTTP Request
2025-01-15 19:05:49 - info: HTTP Request
2025-01-15 19:05:49 - info: HTTP Request
2025-01-15 19:05:49 - info: HTTP Request
2025-01-15 19:05:49 - info: HTTP Request
2025-01-15 20:02:37 - info: HTTP Request
2025-01-15 20:02:37 - info: HTTP Request
2025-01-15 20:02:37 - info: HTTP Request
2025-01-15 20:02:37 - info: HTTP Request
2025-01-15 20:02:53 - info: HTTP Request
2025-01-15 20:02:53 - info: HTTP Request
2025-01-15 20:02:53 - info: HTTP Request
2025-01-15 20:02:53 - info: HTTP Request
2025-01-15 20:02:53 - info: HTTP Request
2025-01-15 20:02:53 - info: HTTP Request
2025-01-15 20:02:53 - info: HTTP Request
2025-01-15 20:02:53 - info: HTTP Request
2025-01-15 20:02:53 - info: HTTP Request
2025-01-15 20:02:53 - info: HTTP Request
2025-01-15 20:02:53 - info: HTTP Request
2025-01-15 20:02:53 - info: HTTP Request
2025-01-15 20:02:53 - info: HTTP Request
2025-01-15 20:02:54 - info: HTTP Request
2025-01-15 20:02:54 - info: HTTP Request
2025-01-15 20:02:54 - info: HTTP Request
2025-01-15 20:07:39 - info: HTTP Request
2025-01-15 20:07:39 - info: HTTP Request
2025-01-15 20:07:39 - info: HTTP Request
2025-01-15 20:07:39 - info: HTTP Request
2025-01-15 20:07:39 - info: HTTP Request
2025-01-15 20:07:39 - info: HTTP Request
2025-01-15 20:07:39 - info: HTTP Request
2025-01-15 20:07:39 - info: HTTP Request
2025-01-15 20:07:39 - info: HTTP Request
2025-01-15 20:07:39 - info: HTTP Request
2025-01-15 20:07:39 - info: HTTP Request
2025-01-15 20:07:39 - info: HTTP Request
2025-01-15 20:08:26 - info: HTTP Request
2025-01-15 20:08:26 - info: HTTP Request
2025-01-15 20:08:26 - info: HTTP Request
2025-01-15 20:08:26 - info: HTTP Request
2025-01-15 20:08:26 - info: HTTP Request
2025-01-15 20:08:26 - info: HTTP Request
2025-01-15 20:08:26 - info: HTTP Request
2025-01-15 20:08:26 - info: HTTP Request
2025-01-15 20:08:26 - info: HTTP Request
2025-01-15 20:08:26 - info: HTTP Request
2025-01-15 20:08:26 - info: HTTP Request
2025-01-15 20:08:26 - info: HTTP Request
2025-01-15 20:13:10 - info: HTTP Request
2025-01-15 20:13:10 - info: HTTP Request
2025-01-15 20:13:10 - info: HTTP Request
2025-01-15 20:13:10 - info: HTTP Request
2025-01-15 20:13:10 - info: HTTP Request
2025-01-15 20:13:10 - info: HTTP Request
2025-01-15 20:13:10 - info: HTTP Request
2025-01-15 20:13:10 - info: HTTP Request
2025-01-15 20:13:10 - info: HTTP Request
2025-01-15 20:13:10 - info: HTTP Request
2025-01-15 20:13:10 - info: HTTP Request
2025-01-15 20:13:10 - info: HTTP Request
2025-01-15 20:27:28 - info: HTTP Request
2025-01-15 20:27:28 - info: HTTP Request
2025-01-15 20:27:28 - info: HTTP Request
2025-01-15 20:27:28 - info: HTTP Request
2025-01-15 20:27:28 - info: HTTP Request
2025-01-15 20:27:28 - info: HTTP Request
2025-01-15 20:27:28 - info: HTTP Request
2025-01-15 20:27:28 - info: HTTP Request
2025-01-15 20:27:28 - info: HTTP Request
2025-01-15 20:27:28 - info: HTTP Request
2025-01-15 20:27:28 - info: HTTP Request
2025-01-15 20:27:28 - info: HTTP Request
2025-01-15 20:31:02 - info: HTTP Request
2025-01-15 20:31:19 - info: HTTP Request
2025-01-15 20:32:02 - info: HTTP Request
2025-01-15 20:32:21 - info: HTTP Request
2025-01-15 20:32:21 - info: HTTP Request
2025-01-15 20:32:21 - info: HTTP Request
2025-01-15 20:32:21 - info: HTTP Request
2025-01-15 20:34:21 - info: Server started on port 3000
2025-01-15 20:34:21 - info: Connected to MongoDB
2025-01-15 20:34:29 - info: Server started on port 3000
2025-01-15 20:34:29 - info: Connected to MongoDB
2025-01-15 20:34:41 - info: Server started on port 3000
2025-01-15 20:34:41 - info: Connected to MongoDB
2025-01-15 20:35:18 - info: HTTP Request
2025-01-15 20:38:51 - info: Creating new user
2025-01-15 20:38:51 - info: User created successfully
2025-01-15 20:38:51 - info: HTTP Request
2025-01-15 20:38:58 - info: User login attempt
2025-01-15 20:38:58 - info: User jai@example.com logged in successfully
2025-01-15 20:38:58 - info: HTTP Request
2025-01-15 20:39:05 - info: HTTP Request
2025-01-15 20:39:05 - info: HTTP Request
2025-01-15 20:39:05 - info: HTTP Request
2025-01-15 20:39:05 - info: HTTP Request
2025-01-15 20:39:05 - info: HTTP Request
2025-01-15 20:39:05 - info: HTTP Request
2025-01-15 20:39:05 - info: HTTP Request
2025-01-15 20:39:05 - info: HTTP Request
2025-01-15 20:39:05 - info: HTTP Request
2025-01-15 20:39:05 - info: HTTP Request
2025-01-15 20:39:05 - info: HTTP Request
2025-01-15 20:39:05 - info: HTTP Request
2025-01-15 20:39:25 - info: HTTP Request
2025-01-15 20:39:29 - info: HTTP Request
2025-01-15 20:39:29 - info: HTTP Request
2025-01-15 20:39:29 - info: HTTP Request
2025-01-15 20:39:29 - info: HTTP Request
2025-01-16 05:46:35 - info: User login attempt
2025-01-16 05:46:35 - info: User jai@example.com logged in successfully
2025-01-16 05:46:35 - info: HTTP Request
2025-01-16 05:47:57 - info: User login attempt
2025-01-16 05:47:57 - info: User jai@example.com logged in successfully
2025-01-16 05:47:57 - info: HTTP Request
2025-01-16 06:15:01 - info: User login attempt
2025-01-16 06:15:02 - info: User jai@example.com logged in successfully
2025-01-16 06:15:02 - info: HTTP Request
2025-01-16 06:15:21 - info: HTTP Request
2025-01-16 06:15:33 - info: HTTP Request
2025-01-16 06:15:33 - info: HTTP Request
2025-01-16 06:15:33 - info: HTTP Request
2025-01-16 06:15:33 - info: HTTP Request
2025-01-16 06:15:33 - info: HTTP Request
2025-01-16 06:15:33 - info: HTTP Request
2025-01-16 06:15:33 - info: HTTP Request
2025-01-16 06:15:33 - info: HTTP Request
2025-01-16 06:15:33 - info: HTTP Request
2025-01-16 06:15:33 - info: HTTP Request
2025-01-16 06:15:33 - info: HTTP Request
2025-01-16 06:15:33 - info: HTTP Request
2025-01-16 06:15:35 - info: HTTP Request
2025-01-16 06:15:35 - info: HTTP Request
2025-01-16 06:15:35 - info: HTTP Request
2025-01-16 06:15:35 - info: HTTP Request
2025-01-16 06:16:08 - info: HTTP Request
2025-01-16 06:16:08 - info: HTTP Request
2025-01-16 06:16:08 - info: HTTP Request
2025-01-16 06:16:08 - info: HTTP Request
2025-01-16 06:16:08 - info: HTTP Request
2025-01-16 06:16:08 - info: HTTP Request
2025-01-16 06:16:08 - info: HTTP Request
2025-01-16 06:16:08 - info: HTTP Request
2025-01-16 06:16:08 - info: HTTP Request
2025-01-16 06:16:08 - info: HTTP Request
2025-01-16 06:16:08 - info: HTTP Request
2025-01-16 06:16:08 - info: HTTP Request
2025-01-16 06:16:11 - info: HTTP Request
2025-01-16 06:16:11 - info: HTTP Request
2025-01-16 06:16:11 - info: HTTP Request
2025-01-16 06:16:11 - info: HTTP Request
2025-01-16 06:17:35 - info: User login attempt
2025-01-16 06:17:35 - info: User jai@example.com logged in successfully
2025-01-16 06:17:35 - info: HTTP Request
2025-01-16 06:55:29 - info: User login attempt
2025-01-16 06:55:29 - info: User jai@example.com logged in successfully
2025-01-16 06:55:29 - info: HTTP Request
2025-01-16 08:16:54 - info: User login attempt
2025-01-16 08:16:54 - info: User jai@example.com logged in successfully
2025-01-16 08:16:54 - info: HTTP Request
2025-01-16 08:22:06 - info: User login attempt
2025-01-16 08:22:06 - info: User jai@example.com logged in successfully
2025-01-16 08:22:06 - info: HTTP Request
2025-01-16 08:23:52 - info: HTTP Request
2025-01-16 08:24:41 - info: HTTP Request
2025-01-16 08:24:41 - info: HTTP Request
2025-01-16 08:24:41 - info: HTTP Request
2025-01-16 08:24:41 - info: HTTP Request
2025-01-16 08:24:41 - info: HTTP Request
2025-01-16 08:24:41 - info: HTTP Request
2025-01-16 08:24:41 - info: HTTP Request
2025-01-16 08:24:41 - info: HTTP Request
2025-01-16 08:24:41 - info: HTTP Request
2025-01-16 08:24:41 - info: HTTP Request
2025-01-16 08:24:41 - info: HTTP Request
2025-01-16 08:24:41 - info: HTTP Request
2025-01-16 08:24:42 - info: HTTP Request
2025-01-16 08:24:42 - info: HTTP Request
2025-01-16 08:24:42 - info: HTTP Request
2025-01-16 08:24:42 - info: HTTP Request
2025-01-16 08:24:57 - info: User login attempt
2025-01-16 08:24:57 - info: User suresh@example.com logged in successfully
2025-01-16 08:24:57 - info: HTTP Request
2025-01-16 19:14:34 - info: HTTP Request
2025-01-16 19:14:34 - info: HTTP Request
2025-01-16 19:14:34 - info: HTTP Request
2025-01-16 19:14:34 - info: HTTP Request
2025-01-16 19:14:36 - info: HTTP Request
2025-01-16 19:14:36 - info: HTTP Request
2025-01-16 19:14:36 - info: HTTP Request
2025-01-16 19:14:36 - info: HTTP Request
2025-01-16 19:14:36 - info: HTTP Request
2025-01-16 19:14:36 - info: HTTP Request
2025-01-16 19:14:36 - info: HTTP Request
2025-01-16 19:14:36 - info: HTTP Request
2025-01-16 19:14:36 - info: HTTP Request
2025-01-16 19:14:36 - info: HTTP Request
2025-01-16 19:14:36 - info: HTTP Request
2025-01-16 19:14:36 - info: HTTP Request
2025-01-16 19:14:38 - info: HTTP Request
2025-01-16 19:14:38 - info: HTTP Request
2025-01-16 19:14:38 - info: HTTP Request
2025-01-16 19:14:38 - info: HTTP Request
2025-01-16 19:14:40 - info: HTTP Request
2025-01-16 19:14:40 - info: HTTP Request
2025-01-16 19:14:40 - info: HTTP Request
2025-01-16 19:14:40 - info: HTTP Request
2025-01-16 19:14:40 - info: HTTP Request
2025-01-16 19:14:40 - info: HTTP Request
2025-01-16 19:14:40 - info: HTTP Request
2025-01-16 19:14:40 - info: HTTP Request
2025-01-16 19:14:40 - info: HTTP Request
2025-01-16 19:14:40 - info: HTTP Request
2025-01-16 19:14:40 - info: HTTP Request
2025-01-16 19:14:40 - info: HTTP Request
2025-01-16 19:15:38 - info: HTTP Request
2025-01-16 19:27:39 - info: HTTP Request
2025-01-16 19:27:39 - info: HTTP Request
2025-01-16 19:27:39 - info: HTTP Request
2025-01-16 19:27:39 - info: HTTP Request
2025-01-16 19:27:39 - info: HTTP Request
2025-01-16 19:27:39 - info: HTTP Request
2025-01-16 19:27:39 - info: HTTP Request
2025-01-16 19:27:39 - info: HTTP Request
2025-01-16 19:27:39 - info: HTTP Request
2025-01-16 19:27:39 - info: HTTP Request
2025-01-16 19:27:39 - info: HTTP Request
2025-01-16 19:27:39 - info: HTTP Request
2025-01-16 19:28:14 - info: HTTP Request
2025-01-16 19:29:01 - info: HTTP Request
2025-01-16 19:29:19 - info: HTTP Request
2025-01-16 19:30:53 - info: Server started on port 3000
2025-01-16 19:30:53 - info: Connected to MongoDB
2025-01-16 19:33:12 - info: HTTP Request
2025-01-16 19:33:14 - info: HTTP Request
2025-01-16 19:33:14 - info: HTTP Request
2025-01-16 19:33:14 - info: HTTP Request
2025-01-16 19:33:14 - info: HTTP Request
2025-01-16 19:33:14 - info: HTTP Request
2025-01-16 19:33:14 - info: HTTP Request
2025-01-16 19:33:14 - info: HTTP Request
2025-01-16 19:33:14 - info: HTTP Request
2025-01-16 19:33:14 - info: HTTP Request
2025-01-16 19:33:14 - info: HTTP Request
2025-01-16 19:33:14 - info: HTTP Request
2025-01-16 19:33:14 - info: HTTP Request
2025-01-16 19:33:19 - info: HTTP Request
2025-01-16 19:33:19 - info: HTTP Request
2025-01-16 19:33:19 - info: HTTP Request
2025-01-16 19:33:19 - info: HTTP Request
2025-01-16 19:33:19 - info: HTTP Request
2025-01-16 19:33:19 - info: HTTP Request
2025-01-16 19:33:19 - info: HTTP Request
2025-01-16 19:33:19 - info: HTTP Request
2025-01-16 19:33:19 - info: HTTP Request
2025-01-16 19:33:19 - info: HTTP Request
2025-01-16 19:33:19 - info: HTTP Request
2025-01-16 19:33:19 - info: HTTP Request
2025-01-16 19:33:27 - info: HTTP Request
2025-01-16 19:33:27 - info: HTTP Request
2025-01-16 19:33:27 - info: HTTP Request
2025-01-16 19:33:27 - info: HTTP Request
2025-01-16 19:35:15 - info: Server started on port 3000
2025-01-16 19:35:15 - info: Connected to MongoDB
2025-01-16 19:37:51 - info: HTTP Request
2025-01-16 19:38:02 - info: HTTP Request
2025-01-16 19:38:14 - info: HTTP Request
2025-01-16 19:38:16 - info: HTTP Request
2025-01-16 19:38:34 - info: Server started on port 3000
2025-01-16 19:38:34 - info: Connected to MongoDB
2025-01-16 19:38:42 - info: HTTP Request
2025-01-16 19:39:28 - info: User login attempt
2025-01-16 19:39:28 - info: User john@example.com logged in successfully
2025-01-16 19:39:28 - info: HTTP Request
2025-01-16 19:39:33 - warn: Authentication failed: No token provided
2025-01-16 19:39:33 - info: HTTP Request
2025-01-16 19:39:41 - info: User login attempt
2025-01-16 19:39:41 - info: User john@example.com logged in successfully
2025-01-16 19:39:41 - info: HTTP Request
2025-01-16 19:40:00 - info: Fetching all users
2025-01-16 19:40:00 - info: Successfully retrieved 4 users
2025-01-16 19:40:00 - info: HTTP Request
2025-01-16 19:40:45 - info: HTTP Request
2025-01-16 19:41:27 - info: HTTP Request
2025-01-16 19:41:34 - info: HTTP Request
2025-01-16 19:41:38 - info: HTTP Request
2025-01-16 19:42:12 - info: Creating new user
2025-01-16 19:42:12 - warn: Email already registered
2025-01-16 19:42:12 - info: HTTP Request
2025-01-16 19:42:22 - info: Creating new user
2025-01-16 19:42:22 - warn: Email already registered
2025-01-16 19:42:22 - info: HTTP Request
2025-01-16 19:42:52 - info: Creating new user
2025-01-16 19:42:52 - warn: Email already registered
2025-01-16 19:42:52 - info: HTTP Request
2025-01-16 19:43:08 - info: HTTP Request
2025-01-16 19:44:11 - error: Unhandled Error
2025-01-16 19:44:22 - warn: Token verification failed: jwt expired
2025-01-16 19:44:22 - info: HTTP Request
2025-01-16 19:44:50 - info: Fetching all users
2025-01-16 19:44:50 - info: Successfully retrieved 4 users
2025-01-16 19:44:50 - info: HTTP Request
2025-01-16 19:45:12 - info: HTTP Request
2025-01-16 19:45:26 - info: HTTP Request
2025-01-16 19:45:41 - info: HTTP Request
2025-01-16 19:45:41 - info: HTTP Request
2025-01-16 19:45:41 - info: HTTP Request
2025-01-16 19:45:41 - info: HTTP Request
2025-01-16 19:45:41 - info: HTTP Request
2025-01-16 19:45:41 - info: HTTP Request
2025-01-16 19:45:41 - info: HTTP Request
2025-01-16 19:45:41 - info: HTTP Request
2025-01-16 19:45:41 - info: HTTP Request
2025-01-16 19:45:41 - info: HTTP Request
2025-01-16 19:45:41 - info: HTTP Request
2025-01-16 19:45:41 - info: HTTP Request
2025-01-16 19:46:20 - info: HTTP Request
2025-01-16 19:47:06 - info: HTTP Request
2025-01-16 19:48:45 - info: User login attempt
2025-01-16 19:48:45 - info: User suresh@example.com logged in successfully
2025-01-16 19:48:45 - info: HTTP Request
2025-01-16 19:50:48 - info: User login attempt
2025-01-16 19:50:48 - info: User suresh@example.com logged in successfully
2025-01-16 19:50:48 - info: HTTP Request
2025-01-16 19:51:17 - info: HTTP Request
2025-01-16 19:51:18 - info: HTTP Request
2025-01-16 19:51:18 - info: HTTP Request
2025-01-16 19:51:18 - info: HTTP Request
2025-01-16 19:51:18 - info: HTTP Request
2025-01-16 19:51:18 - info: HTTP Request
2025-01-16 19:51:18 - info: HTTP Request
2025-01-16 19:51:18 - info: HTTP Request
2025-01-16 19:51:18 - info: HTTP Request
2025-01-16 19:51:18 - info: HTTP Request
2025-01-16 19:51:18 - info: HTTP Request
2025-01-16 19:51:18 - info: HTTP Request
2025-01-16 19:51:18 - info: HTTP Request
2025-01-16 19:52:16 - info: HTTP Request
2025-01-16 19:52:25 - info: HTTP Request
2025-01-16 19:59:35 - info: HTTP Request
2025-01-16 19:59:35 - info: HTTP Request
2025-01-16 19:59:35 - info: HTTP Request
2025-01-16 19:59:35 - info: HTTP Request
2025-01-16 19:59:35 - info: HTTP Request
2025-01-16 19:59:35 - info: HTTP Request
2025-01-16 19:59:35 - info: HTTP Request
2025-01-16 19:59:35 - info: HTTP Request
2025-01-16 19:59:35 - info: HTTP Request
2025-01-16 19:59:35 - info: HTTP Request
2025-01-16 19:59:35 - info: HTTP Request
2025-01-16 19:59:35 - info: HTTP Request
2025-01-16 20:02:39 - warn: Authentication failed: No token provided
2025-01-16 20:02:39 - info: HTTP Request
2025-01-16 20:02:39 - warn: Authentication failed: No token provided
2025-01-16 20:02:39 - info: HTTP Request
2025-01-16 20:02:39 - warn: Authentication failed: No token provided
2025-01-16 20:02:39 - info: HTTP Request
2025-01-16 20:02:39 - warn: Authentication failed: No token provided
2025-01-16 20:02:39 - info: HTTP Request
2025-01-16 20:02:39 - warn: Authentication failed: No token provided
2025-01-16 20:02:39 - info: HTTP Request
2025-01-16 20:02:39 - warn: Authentication failed: No token provided
2025-01-16 20:02:39 - info: HTTP Request
2025-01-16 20:03:12 - warn: Authentication failed: No token provided
2025-01-16 20:03:12 - info: HTTP Request
2025-01-16 20:03:12 - warn: Authentication failed: No token provided
2025-01-16 20:03:12 - info: HTTP Request
2025-01-16 20:03:12 - warn: Authentication failed: No token provided
2025-01-16 20:03:12 - info: HTTP Request
2025-01-16 20:03:12 - warn: Authentication failed: No token provided
2025-01-16 20:03:12 - info: HTTP Request
2025-01-16 20:03:12 - warn: Authentication failed: No token provided
2025-01-16 20:03:12 - info: HTTP Request
2025-01-16 20:03:12 - warn: Authentication failed: No token provided
2025-01-16 20:03:12 - info: HTTP Request
2025-01-16 20:04:45 - info: HTTP Request
2025-01-16 20:04:45 - info: HTTP Request
2025-01-16 20:04:45 - info: HTTP Request
2025-01-16 20:04:45 - info: HTTP Request
2025-01-16 20:04:46 - info: HTTP Request
2025-01-16 20:04:46 - info: HTTP Request
2025-01-16 20:04:46 - info: HTTP Request
2025-01-16 20:04:46 - info: HTTP Request
2025-01-16 20:04:46 - info: HTTP Request
2025-01-16 20:04:46 - info: HTTP Request
2025-01-16 20:04:46 - info: HTTP Request
2025-01-16 20:04:46 - info: HTTP Request
2025-01-16 20:04:46 - info: HTTP Request
2025-01-16 20:04:46 - info: HTTP Request
2025-01-16 20:04:46 - info: HTTP Request
2025-01-16 20:04:46 - info: HTTP Request
2025-01-16 20:05:03 - info: HTTP Request
2025-01-16 21:39:29 - info: Server started on port 3000
2025-01-16 21:39:29 - info: Connected to MongoDB
2025-01-17 05:06:54 - info: Server started on port 3000
2025-01-17 05:06:54 - info: Connected to MongoDB
2025-01-17 05:08:26 - info: Server started on port 3000
2025-01-17 05:08:26 - info: Connected to MongoDB
2025-01-17 05:08:37 - info: User login attempt
2025-01-17 05:08:37 - info: User suresh@example.com logged in successfully
2025-01-17 05:08:37 - info: HTTP Request
2025-01-17 05:08:53 - info: HTTP Request
2025-01-17 05:11:41 - info: HTTP Request
2025-01-17 05:11:58 - info: HTTP Request
2025-01-17 05:12:30 - info: User login attempt
2025-01-17 05:12:30 - info: User suresh@example.com logged in successfully
2025-01-17 05:12:30 - info: HTTP Request
2025-01-17 05:12:38 - info: HTTP Request
2025-01-17 05:16:22 - info: HTTP Request
2025-01-17 05:16:29 - info: HTTP Request
2025-01-17 05:16:29 - info: HTTP Request
2025-01-17 05:16:29 - info: HTTP Request
2025-01-17 05:16:29 - info: HTTP Request
2025-01-17 05:17:25 - info: HTTP Request
2025-01-17 05:17:25 - info: HTTP Request
2025-01-17 05:17:25 - info: HTTP Request
2025-01-17 05:17:25 - info: HTTP Request
2025-01-17 05:21:55 - info: Server started on port 3000
2025-01-17 05:21:55 - info: Connected to MongoDB
2025-01-17 05:25:12 - info: Server started on port 3000
2025-01-17 05:25:12 - info: Connected to MongoDB
2025-01-17 05:26:21 - warn: Authentication failed: No token provided
2025-01-17 05:26:21 - info: HTTP Request
2025-01-17 05:26:21 - warn: Authentication failed: No token provided
2025-01-17 05:26:21 - info: HTTP Request
2025-01-17 05:26:33 - info: User login attempt
2025-01-17 05:26:33 - info: User suresh@example.com logged in successfully
2025-01-17 05:26:33 - info: HTTP Request
2025-01-17 05:26:35 - info: HTTP Request
2025-01-17 05:26:35 - info: HTTP Request
2025-01-17 05:26:35 - info: HTTP Request
2025-01-17 05:26:35 - info: HTTP Request
2025-01-17 05:27:35 - info: HTTP Request
2025-01-17 05:27:35 - info: HTTP Request
2025-01-17 05:27:35 - info: HTTP Request
2025-01-17 05:27:35 - info: HTTP Request
2025-01-17 05:32:05 - info: User login attempt
2025-01-17 05:32:05 - info: User suresh@example.com logged in successfully
2025-01-17 05:32:05 - info: HTTP Request
2025-01-17 05:32:07 - info: HTTP Request
2025-01-17 05:32:07 - info: HTTP Request
2025-01-17 05:32:07 - info: HTTP Request
2025-01-17 05:32:07 - info: HTTP Request
2025-01-17 05:32:31 - info: HTTP Request
2025-01-17 05:32:31 - info: HTTP Request
2025-01-17 05:32:31 - info: HTTP Request
2025-01-17 05:32:31 - info: HTTP Request
2025-01-17 05:33:33 - info: HTTP Request
2025-01-17 05:38:13 - info: User login attempt
2025-01-17 05:38:13 - info: User suresh@example.com logged in successfully
2025-01-17 05:38:13 - info: HTTP Request
2025-01-17 05:38:23 - info: HTTP Request
2025-01-17 05:40:44 - info: HTTP Request
2025-01-17 05:40:44 - info: HTTP Request
2025-01-17 05:40:44 - info: HTTP Request
2025-01-17 05:40:44 - info: HTTP Request
2025-01-17 05:40:44 - info: HTTP Request
2025-01-17 05:40:44 - info: HTTP Request
2025-01-17 05:40:44 - info: HTTP Request
2025-01-17 05:40:44 - info: HTTP Request
2025-01-17 05:40:44 - info: HTTP Request
2025-01-17 05:40:44 - info: HTTP Request
2025-01-17 05:40:44 - info: HTTP Request
2025-01-17 05:40:44 - info: HTTP Request
2025-01-17 05:40:57 - info: HTTP Request
2025-01-17 05:40:57 - info: HTTP Request
2025-01-17 05:40:57 - info: HTTP Request
2025-01-17 05:40:57 - info: HTTP Request
2025-01-17 05:41:00 - info: HTTP Request
2025-01-17 05:41:00 - info: HTTP Request
2025-01-17 05:41:00 - info: HTTP Request
2025-01-17 05:41:00 - info: HTTP Request
2025-01-17 05:41:00 - info: HTTP Request
2025-01-17 05:41:00 - info: HTTP Request
2025-01-17 05:41:00 - info: HTTP Request
2025-01-17 05:41:00 - info: HTTP Request
2025-01-17 05:41:00 - info: HTTP Request
2025-01-17 05:41:00 - info: HTTP Request
2025-01-17 05:41:00 - info: HTTP Request
2025-01-17 05:41:00 - info: HTTP Request
2025-01-17 05:41:01 - info: HTTP Request
2025-01-17 05:41:01 - info: HTTP Request
2025-01-17 05:41:01 - info: HTTP Request
2025-01-17 05:41:01 - info: HTTP Request
2025-01-17 05:44:54 - info: HTTP Request
2025-01-17 05:44:54 - info: HTTP Request
2025-01-17 05:44:54 - info: HTTP Request
2025-01-17 05:44:54 - info: HTTP Request
2025-01-17 05:44:54 - info: HTTP Request
2025-01-17 05:44:54 - info: HTTP Request
2025-01-17 05:44:54 - info: HTTP Request
2025-01-17 05:44:54 - info: HTTP Request
2025-01-17 05:44:54 - info: HTTP Request
2025-01-17 05:44:54 - info: HTTP Request
2025-01-17 05:44:54 - info: HTTP Request
2025-01-17 05:44:54 - info: HTTP Request
2025-01-17 05:45:54 - info: HTTP Request
2025-01-17 05:45:54 - info: HTTP Request
2025-01-17 05:45:54 - info: HTTP Request
2025-01-17 05:45:54 - info: HTTP Request
2025-01-17 05:46:47 - info: HTTP Request
2025-01-17 05:46:47 - info: HTTP Request
2025-01-17 05:46:47 - info: HTTP Request
2025-01-17 05:46:47 - info: HTTP Request
2025-01-17 05:47:22 - info: HTTP Request
2025-01-17 05:47:22 - info: HTTP Request
2025-01-17 05:47:22 - info: HTTP Request
2025-01-17 05:47:22 - info: HTTP Request
2025-01-17 05:47:22 - info: HTTP Request
2025-01-17 05:47:22 - info: HTTP Request
2025-01-17 05:47:22 - info: HTTP Request
2025-01-17 05:47:22 - info: HTTP Request
2025-01-17 05:47:22 - info: HTTP Request
2025-01-17 05:47:22 - info: HTTP Request
2025-01-17 05:47:22 - info: HTTP Request
2025-01-17 05:47:22 - info: HTTP Request
2025-01-17 05:47:27 - info: HTTP Request
2025-01-17 05:47:27 - info: HTTP Request
2025-01-17 05:47:27 - info: HTTP Request
2025-01-17 05:47:27 - info: HTTP Request
2025-01-17 05:48:39 - info: HTTP Request
2025-01-17 05:48:39 - info: HTTP Request
2025-01-17 05:48:39 - info: HTTP Request
2025-01-17 05:48:39 - info: HTTP Request
2025-01-17 05:48:55 - info: HTTP Request
2025-01-17 05:48:55 - info: HTTP Request
2025-01-17 05:48:55 - info: HTTP Request
2025-01-17 05:48:55 - info: HTTP Request
2025-01-17 05:48:55 - info: HTTP Request
2025-01-17 05:48:55 - info: HTTP Request
2025-01-17 05:48:55 - info: HTTP Request
2025-01-17 05:48:55 - info: HTTP Request
2025-01-17 05:48:55 - info: HTTP Request
2025-01-17 05:48:55 - info: HTTP Request
2025-01-17 05:48:55 - info: HTTP Request
2025-01-17 05:48:55 - info: HTTP Request
2025-01-17 05:49:12 - info: HTTP Request
2025-01-17 05:49:12 - info: HTTP Request
2025-01-17 05:49:12 - info: HTTP Request
2025-01-17 05:49:12 - info: HTTP Request
2025-01-17 05:49:13 - info: HTTP Request
2025-01-17 05:49:13 - info: HTTP Request
2025-01-17 05:49:13 - info: HTTP Request
2025-01-17 05:49:13 - info: HTTP Request
2025-01-17 05:49:13 - info: HTTP Request
2025-01-17 05:49:13 - info: HTTP Request
2025-01-17 05:49:13 - info: HTTP Request
2025-01-17 05:49:13 - info: HTTP Request
2025-01-17 05:49:13 - info: HTTP Request
2025-01-17 05:49:13 - info: HTTP Request
2025-01-17 05:49:13 - info: HTTP Request
2025-01-17 05:49:13 - info: HTTP Request
2025-01-17 05:49:21 - info: User login attempt
2025-01-17 05:49:21 - info: User suresh@example.com logged in successfully
2025-01-17 05:49:21 - info: HTTP Request
2025-01-17 05:49:23 - info: HTTP Request
2025-01-17 05:49:23 - info: HTTP Request
2025-01-17 05:49:23 - info: HTTP Request
2025-01-17 05:49:23 - info: HTTP Request
2025-01-17 05:49:23 - info: HTTP Request
2025-01-17 05:49:23 - info: HTTP Request
2025-01-17 05:49:23 - info: HTTP Request
2025-01-17 05:49:23 - info: HTTP Request
2025-01-17 05:49:23 - info: HTTP Request
2025-01-17 05:49:23 - info: HTTP Request
2025-01-17 05:49:23 - info: HTTP Request
2025-01-17 05:49:23 - info: HTTP Request
2025-01-17 06:27:23 - info: Server started on port 3000
2025-01-17 06:27:23 - info: Connected to MongoDB
2025-01-17 06:27:54 - info: Server started on port 3000
2025-01-17 06:27:54 - info: Connected to MongoDB
2025-01-17 06:28:15 - info: HTTP Request
2025-01-17 06:28:15 - info: HTTP Request
2025-01-17 06:28:15 - info: HTTP Request
2025-01-17 06:28:15 - info: HTTP Request
2025-01-17 06:28:17 - info: HTTP Request
2025-01-17 06:28:17 - info: HTTP Request
2025-01-17 06:28:17 - info: HTTP Request
2025-01-17 06:28:17 - info: HTTP Request
2025-01-17 06:28:17 - info: HTTP Request
2025-01-17 06:28:17 - info: HTTP Request
2025-01-17 06:28:17 - info: HTTP Request
2025-01-17 06:28:17 - info: HTTP Request
2025-01-17 06:28:17 - info: HTTP Request
2025-01-17 06:28:17 - info: HTTP Request
2025-01-17 06:28:17 - info: HTTP Request
2025-01-17 06:28:17 - info: HTTP Request
2025-01-17 09:38:39 - info: HTTP Request
2025-01-17 09:38:39 - info: HTTP Request
2025-01-17 09:38:39 - info: HTTP Request
2025-01-17 09:38:39 - info: HTTP Request
2025-01-17 09:38:39 - info: HTTP Request
2025-01-17 09:38:39 - info: HTTP Request
2025-01-17 09:38:39 - info: HTTP Request
2025-01-17 09:38:39 - info: HTTP Request
2025-01-17 09:38:39 - info: HTTP Request
2025-01-17 09:38:39 - info: HTTP Request
2025-01-17 09:38:39 - info: HTTP Request
2025-01-17 09:38:39 - info: HTTP Request
2025-01-17 09:38:41 - info: HTTP Request
2025-01-17 09:38:41 - info: HTTP Request
2025-01-17 09:38:41 - info: HTTP Request
2025-01-17 09:38:41 - info: HTTP Request
2025-01-17 09:38:55 - info: User login attempt
2025-01-17 09:38:55 - info: User jai@example.com logged in successfully
2025-01-17 09:38:55 - info: HTTP Request
2025-01-17 09:38:57 - info: HTTP Request
2025-01-17 09:38:57 - info: HTTP Request
2025-01-17 09:38:57 - info: HTTP Request
2025-01-17 09:38:57 - info: HTTP Request
2025-01-17 09:38:57 - info: HTTP Request
2025-01-17 09:38:57 - info: HTTP Request
2025-01-17 09:38:57 - info: HTTP Request
2025-01-17 09:38:57 - info: HTTP Request
2025-01-17 09:38:57 - info: HTTP Request
2025-01-17 09:38:57 - info: HTTP Request
2025-01-17 09:38:57 - info: HTTP Request
2025-01-17 09:38:57 - info: HTTP Request
2025-01-17 09:39:01 - info: HTTP Request
2025-01-17 09:39:01 - info: HTTP Request
2025-01-17 09:39:01 - info: HTTP Request
2025-01-17 09:39:01 - info: HTTP Request
2025-01-17 09:39:03 - info: HTTP Request
2025-01-17 09:39:03 - info: HTTP Request
2025-01-17 09:39:03 - info: HTTP Request
2025-01-17 09:39:03 - info: HTTP Request
2025-01-17 09:39:03 - info: HTTP Request
2025-01-17 09:39:03 - info: HTTP Request
2025-01-17 09:39:03 - info: HTTP Request
2025-01-17 09:39:03 - info: HTTP Request
2025-01-17 09:39:03 - info: HTTP Request
2025-01-17 09:39:03 - info: HTTP Request
2025-01-17 09:39:03 - info: HTTP Request
2025-01-17 09:39:03 - info: HTTP Request
2025-01-17 09:39:32 - info: HTTP Request
2025-01-17 09:41:32 - info: HTTP Request
2025-01-17 09:41:32 - info: HTTP Request
2025-01-17 09:41:32 - info: HTTP Request
2025-01-17 09:41:32 - info: HTTP Request
2025-01-17 09:42:02 - info: HTTP Request
2025-01-17 09:42:02 - info: HTTP Request
2025-01-17 09:42:02 - info: HTTP Request
2025-01-17 09:42:02 - info: HTTP Request
2025-01-17 09:42:02 - info: HTTP Request
2025-01-17 09:42:02 - info: HTTP Request
2025-01-17 09:42:02 - info: HTTP Request
2025-01-17 09:42:02 - info: HTTP Request
2025-01-17 09:42:02 - info: HTTP Request
2025-01-17 09:42:02 - info: HTTP Request
2025-01-17 09:42:02 - info: HTTP Request
2025-01-17 09:42:02 - info: HTTP Request
2025-01-17 09:42:03 - info: HTTP Request
2025-01-17 09:42:03 - info: HTTP Request
2025-01-17 09:42:03 - info: HTTP Request
2025-01-17 09:42:03 - info: HTTP Request
2025-01-17 09:42:05 - info: HTTP Request
2025-01-17 09:42:05 - info: HTTP Request
2025-01-17 09:42:05 - info: HTTP Request
2025-01-17 09:42:05 - info: HTTP Request
2025-01-17 09:42:05 - info: HTTP Request
2025-01-17 09:42:05 - info: HTTP Request
2025-01-17 09:42:05 - info: HTTP Request
2025-01-17 09:42:05 - info: HTTP Request
2025-01-17 09:42:05 - info: HTTP Request
2025-01-17 09:42:05 - info: HTTP Request
2025-01-17 09:42:05 - info: HTTP Request
2025-01-17 09:42:05 - info: HTTP Request
2025-01-17 09:42:20 - info: HTTP Request
2025-01-17 15:10:36 - info: Server started on port 3000
2025-01-17 15:10:36 - info: Connected to MongoDB
2025-01-17 15:11:01 - info: Server started on port 3000
2025-01-17 15:11:01 - info: Connected to MongoDB
2025-01-17 15:16:58 - info: Server started on port 3000
2025-01-17 15:16:58 - info: Connected to MongoDB
2025-01-17 16:13:26 - info: HTTP Request
2025-01-17 16:13:52 - info: HTTP Request
2025-01-17 16:13:52 - info: HTTP Request
2025-01-17 16:13:52 - info: HTTP Request
2025-01-17 16:13:52 - info: HTTP Request
2025-01-17 16:13:52 - info: HTTP Request
2025-01-17 16:13:52 - info: HTTP Request
2025-01-17 16:13:52 - info: HTTP Request
2025-01-17 16:13:52 - info: HTTP Request
2025-01-17 16:13:52 - info: HTTP Request
2025-01-17 16:13:52 - info: HTTP Request
2025-01-17 16:13:52 - info: HTTP Request
2025-01-17 16:13:52 - info: HTTP Request
2025-01-17 16:13:53 - info: HTTP Request
2025-01-17 16:13:53 - info: HTTP Request
2025-01-17 16:13:53 - info: HTTP Request
2025-01-17 16:13:53 - info: HTTP Request
2025-01-17 16:13:54 - info: HTTP Request
2025-01-17 16:13:54 - info: HTTP Request
2025-01-17 16:13:54 - info: HTTP Request
2025-01-17 16:13:54 - info: HTTP Request
2025-01-17 16:13:54 - info: HTTP Request
2025-01-17 16:13:54 - info: HTTP Request
2025-01-17 16:13:54 - info: HTTP Request
2025-01-17 16:13:54 - info: HTTP Request
2025-01-17 16:13:54 - info: HTTP Request
2025-01-17 16:13:54 - info: HTTP Request
2025-01-17 16:13:54 - info: HTTP Request
2025-01-17 16:13:54 - info: HTTP Request
2025-01-17 16:14:01 - info: HTTP Request
2025-01-17 16:14:01 - info: HTTP Request
2025-01-17 16:14:01 - info: HTTP Request
2025-01-17 16:14:01 - info: HTTP Request
2025-01-17 16:18:41 - info: HTTP Request
2025-01-17 16:19:36 - info: User login attempt
2025-01-17 16:19:37 - info: User jai@example.com logged in successfully
2025-01-17 16:19:37 - info: HTTP Request
2025-01-17 16:30:31 - info: User login attempt
2025-01-17 16:30:31 - info: User jai@example.com logged in successfully
2025-01-17 16:30:31 - info: HTTP Request
2025-01-17 16:31:15 - info: User login attempt
2025-01-17 16:31:15 - info: User jai@example.com logged in successfully
2025-01-17 16:31:15 - info: HTTP Request
2025-01-17 16:31:23 - info: HTTP Request
2025-01-17 16:31:23 - info: HTTP Request
2025-01-17 16:33:39 - info: HTTP Request
2025-01-17 16:33:39 - info: HTTP Request
2025-01-17 16:34:42 - info: HTTP Request
2025-01-17 16:34:42 - info: HTTP Request
2025-01-17 16:35:45 - info: HTTP Request
2025-01-17 16:35:45 - info: HTTP Request
2025-01-17 16:36:41 - info: HTTP Request
2025-01-17 16:36:41 - info: HTTP Request
2025-01-17 16:36:41 - info: HTTP Request
2025-01-17 16:36:41 - info: HTTP Request
2025-01-17 16:36:41 - info: HTTP Request
2025-01-17 16:36:41 - info: HTTP Request
2025-01-17 16:36:42 - info: HTTP Request
2025-01-17 16:36:42 - info: HTTP Request
2025-01-17 16:37:24 - warn: Token verification failed: jwt expired
2025-01-17 16:37:24 - info: HTTP Request
2025-01-17 16:37:38 - info: User login attempt
2025-01-17 16:37:38 - info: User john@example.com logged in successfully
2025-01-17 16:37:38 - info: HTTP Request
2025-01-17 16:38:06 - info: HTTP Request
2025-01-17 16:38:59 - info: HTTP Request
2025-01-17 16:39:02 - info: HTTP Request
2025-01-17 16:39:18 - info: HTTP Request
2025-01-17 16:39:21 - info: HTTP Request
2025-01-17 16:39:32 - info: HTTP Request
2025-01-17 16:39:35 - info: HTTP Request
2025-01-17 16:39:42 - info: HTTP Request
2025-01-17 16:39:44 - info: HTTP Request
2025-01-17 16:39:58 - info: HTTP Request
2025-01-17 16:39:58 - info: HTTP Request
2025-01-17 16:39:58 - info: HTTP Request
2025-01-17 16:39:58 - info: HTTP Request
2025-01-17 16:39:58 - info: HTTP Request
2025-01-17 16:39:58 - info: HTTP Request
2025-01-17 16:40:04 - info: HTTP Request
2025-01-17 16:40:09 - info: HTTP Request
2025-01-17 16:40:09 - info: HTTP Request
2025-01-17 16:41:36 - info: HTTP Request
2025-01-17 16:41:36 - info: HTTP Request
2025-01-17 16:41:36 - info: HTTP Request
2025-01-17 16:41:36 - info: HTTP Request
2025-01-17 16:41:36 - info: HTTP Request
2025-01-17 16:41:36 - info: HTTP Request
2025-01-17 16:41:41 - info: HTTP Request
2025-01-17 16:42:19 - info: HTTP Request
2025-01-17 16:42:19 - info: HTTP Request
2025-01-17 16:42:35 - info: HTTP Request
2025-01-17 16:45:43 - info: HTTP Request
2025-01-17 16:45:43 - info: HTTP Request
2025-01-17 16:45:43 - info: HTTP Request
2025-01-17 16:45:43 - info: HTTP Request
2025-01-17 16:45:43 - info: HTTP Request
2025-01-17 16:45:43 - info: HTTP Request
2025-01-17 16:45:49 - info: HTTP Request
2025-01-17 16:47:12 - warn: Authentication failed: No token provided
2025-01-17 16:47:12 - info: HTTP Request
2025-01-17 16:47:12 - warn: Authentication failed: No token provided
2025-01-17 16:47:12 - info: HTTP Request
2025-01-17 16:47:12 - warn: Authentication failed: No token provided
2025-01-17 16:47:12 - info: HTTP Request
2025-01-17 16:47:12 - warn: Authentication failed: No token provided
2025-01-17 16:47:12 - info: HTTP Request
2025-01-17 16:47:12 - warn: Authentication failed: No token provided
2025-01-17 16:47:12 - info: HTTP Request
2025-01-17 16:47:12 - warn: Authentication failed: No token provided
2025-01-17 16:47:12 - info: HTTP Request
2025-01-17 16:47:19 - info: HTTP Request
2025-01-17 16:47:19 - info: HTTP Request
2025-01-17 16:47:19 - info: HTTP Request
2025-01-17 16:47:19 - info: HTTP Request
2025-01-17 16:47:19 - info: HTTP Request
2025-01-17 16:47:19 - info: HTTP Request
2025-01-17 16:47:28 - info: HTTP Request
2025-01-17 16:47:50 - info: HTTP Request
2025-01-17 16:47:50 - info: HTTP Request
2025-01-17 16:48:29 - info: HTTP Request
2025-01-17 16:48:29 - info: HTTP Request
2025-01-17 16:48:29 - info: HTTP Request
2025-01-17 16:48:29 - info: HTTP Request
2025-01-17 16:48:29 - info: HTTP Request
2025-01-17 16:48:29 - info: HTTP Request
2025-01-17 16:50:33 - info: User login attempt
2025-01-17 16:50:33 - info: User suresh@example.com logged in successfully
2025-01-17 16:50:33 - info: HTTP Request
2025-01-17 16:50:37 - info: HTTP Request
2025-01-17 16:50:37 - info: HTTP Request
2025-01-17 16:50:37 - info: HTTP Request
2025-01-17 16:50:37 - info: HTTP Request
2025-01-17 16:50:37 - info: HTTP Request
2025-01-17 16:50:37 - info: HTTP Request
2025-01-17 16:50:39 - info: HTTP Request
2025-01-17 16:50:39 - info: HTTP Request
2025-01-17 16:50:40 - info: HTTP Request
2025-01-17 16:50:40 - info: HTTP Request
2025-01-17 16:50:40 - info: HTTP Request
2025-01-17 16:50:40 - info: HTTP Request
2025-01-17 16:50:40 - info: HTTP Request
2025-01-17 16:50:40 - info: HTTP Request
2025-01-17 16:50:52 - info: HTTP Request
2025-01-17 16:51:25 - info: HTTP Request
2025-01-17 16:51:25 - info: HTTP Request
2025-01-17 16:51:25 - info: HTTP Request
2025-01-17 16:51:25 - info: HTTP Request
2025-01-17 16:51:25 - info: HTTP Request
2025-01-17 16:51:25 - info: HTTP Request
2025-01-17 16:51:26 - info: HTTP Request
2025-01-17 16:51:26 - info: HTTP Request
2025-01-17 16:51:28 - info: HTTP Request
2025-01-17 16:51:28 - info: HTTP Request
2025-01-17 16:51:28 - info: HTTP Request
2025-01-17 16:51:28 - info: HTTP Request
2025-01-17 16:51:28 - info: HTTP Request
2025-01-17 16:51:28 - info: HTTP Request
2025-01-17 16:51:43 - info: HTTP Request
2025-01-17 16:51:43 - info: HTTP Request
2025-01-17 16:51:43 - info: HTTP Request
2025-01-17 16:53:30 - info: HTTP Request
2025-01-17 16:53:30 - info: HTTP Request
2025-01-17 16:53:51 - info: HTTP Request
2025-01-17 16:53:51 - info: HTTP Request
2025-01-17 16:54:19 - info: HTTP Request
2025-01-17 16:54:19 - info: HTTP Request
2025-01-17 16:54:31 - info: HTTP Request
2025-01-17 16:54:31 - info: HTTP Request
2025-01-17 16:54:31 - info: HTTP Request
2025-01-17 16:54:31 - info: HTTP Request
2025-01-17 16:54:31 - info: HTTP Request
2025-01-17 16:54:31 - info: HTTP Request
2025-01-17 16:54:32 - info: HTTP Request
2025-01-17 16:54:32 - info: HTTP Request
2025-01-17 16:55:02 - info: HTTP Request
2025-01-17 16:55:02 - info: HTTP Request
2025-01-17 16:55:02 - info: HTTP Request
2025-01-17 16:55:02 - info: HTTP Request
2025-01-17 16:55:02 - info: HTTP Request
2025-01-17 16:55:02 - info: HTTP Request
2025-01-17 16:55:14 - info: HTTP Request
2025-01-17 16:55:14 - info: HTTP Request
2025-01-17 16:55:14 - info: HTTP Request
2025-01-17 16:56:20 - info: HTTP Request
2025-01-17 16:56:20 - info: HTTP Request
2025-01-17 16:56:21 - info: HTTP Request
2025-01-17 16:56:21 - info: HTTP Request
2025-01-17 16:56:21 - info: HTTP Request
2025-01-17 16:56:21 - info: HTTP Request
2025-01-17 16:56:21 - info: HTTP Request
2025-01-17 16:56:21 - info: HTTP Request
2025-01-17 17:16:28 - info: HTTP Request
2025-01-17 17:16:28 - info: HTTP Request
2025-01-17 19:38:38 - info: Server started on port 3000
2025-01-17 19:38:38 - info: Connected to MongoDB
2025-01-17 19:38:51 - info: HTTP Request
2025-01-17 19:38:51 - info: HTTP Request
2025-01-17 19:38:51 - info: HTTP Request
2025-01-17 19:38:51 - info: HTTP Request
2025-01-17 19:38:51 - info: HTTP Request
2025-01-17 19:38:51 - info: HTTP Request
2025-01-17 19:38:52 - info: HTTP Request
2025-01-17 19:38:52 - info: HTTP Request
2025-01-17 19:39:07 - info: HTTP Request
2025-01-17 19:39:23 - info: HTTP Request
2025-01-17 19:39:23 - info: HTTP Request
2025-01-17 19:39:56 - info: HTTP Request
2025-01-17 19:39:56 - info: HTTP Request
2025-01-17 19:39:56 - info: HTTP Request
2025-01-17 19:39:56 - info: HTTP Request
2025-01-17 19:39:56 - info: HTTP Request
2025-01-17 19:39:56 - info: HTTP Request
2025-01-17 19:40:07 - info: HTTP Request
2025-01-17 19:40:07 - info: HTTP Request
2025-01-17 19:40:07 - info: HTTP Request
2025-01-17 19:40:30 - info: HTTP Request
2025-01-17 19:40:30 - info: HTTP Request
2025-01-17 19:40:30 - info: HTTP Request
2025-01-17 19:40:30 - info: HTTP Request
2025-01-17 19:40:30 - info: HTTP Request
2025-01-17 19:40:30 - info: HTTP Request
2025-01-17 19:41:14 - info: HTTP Request
2025-01-17 19:41:14 - info: HTTP Request
2025-01-17 19:41:32 - info: HTTP Request
2025-01-17 19:41:32 - info: HTTP Request
2025-01-17 19:41:32 - info: HTTP Request
2025-01-17 19:41:32 - info: HTTP Request
2025-01-17 19:41:32 - info: HTTP Request
2025-01-17 19:41:32 - info: HTTP Request
2025-01-17 19:41:34 - info: HTTP Request
2025-01-17 19:41:34 - info: HTTP Request
2025-01-17 22:32:09 - info: HTTP Request
2025-01-17 22:32:09 - info: HTTP Request
2025-01-17 22:32:09 - info: HTTP Request
2025-01-17 22:32:09 - info: HTTP Request
2025-01-17 22:32:09 - info: HTTP Request
2025-01-17 22:32:09 - info: HTTP Request
2025-01-17 22:32:10 - info: HTTP Request
2025-01-17 22:32:10 - info: HTTP Request
2025-01-17 22:38:12 - info: User login attempt
2025-01-17 22:38:12 - info: User suresh@example.com logged in successfully
2025-01-17 22:38:12 - info: HTTP Request
2025-01-17 22:38:15 - info: HTTP Request
2025-01-17 22:38:15 - info: HTTP Request
2025-01-17 22:39:33 - info: Server started on port 3000
2025-01-17 22:39:33 - info: Connected to MongoDB
2025-01-17 22:40:30 - info: Server started on port 3000
2025-01-17 22:40:30 - info: Connected to MongoDB
2025-01-17 22:41:31 - warn: Authentication failed: No token provided
2025-01-17 22:41:31 - info: HTTP Request
2025-01-17 22:41:31 - info: HTTP Request
2025-01-17 22:41:37 - info: HTTP Request
2025-01-17 22:41:37 - info: HTTP Request
2025-01-17 22:41:39 - info: HTTP Request
2025-01-17 22:41:39 - info: HTTP Request
2025-01-17 22:42:55 - info: HTTP Request
2025-01-17 22:42:55 - info: HTTP Request
2025-01-17 22:42:56 - info: HTTP Request
2025-01-17 22:42:56 - info: HTTP Request
2025-01-17 22:44:21 - warn: Authentication failed: No token provided
2025-01-17 22:44:21 - info: HTTP Request
2025-01-17 22:44:51 - info: HTTP Request
2025-01-17 22:44:51 - info: HTTP Request
2025-01-17 22:44:53 - info: HTTP Request
2025-01-17 22:44:53 - info: HTTP Request
2025-01-17 22:44:55 - info: HTTP Request
2025-01-17 22:44:55 - info: HTTP Request
2025-01-17 22:45:00 - info: HTTP Request
2025-01-17 22:45:00 - info: HTTP Request
2025-01-17 22:45:48 - info: HTTP Request
2025-01-17 22:45:48 - info: HTTP Request
2025-01-17 22:45:49 - info: HTTP Request
2025-01-17 22:45:49 - info: HTTP Request
2025-01-17 22:45:57 - info: HTTP Request
2025-01-17 22:45:57 - info: HTTP Request
2025-01-17 22:46:23 - info: HTTP Request
2025-01-17 22:46:23 - info: HTTP Request
2025-01-17 22:46:28 - info: HTTP Request
2025-01-17 22:46:28 - info: HTTP Request
2025-01-17 22:46:29 - info: HTTP Request
2025-01-17 22:46:29 - info: HTTP Request
2025-01-17 22:46:50 - info: HTTP Request
2025-01-17 22:46:50 - info: HTTP Request
2025-01-17 22:47:23 - info: HTTP Request
2025-01-17 22:47:23 - info: HTTP Request
2025-01-17 22:47:35 - info: HTTP Request
2025-01-17 22:47:35 - info: HTTP Request
2025-01-17 22:48:46 - info: Server started on port 3000
2025-01-17 22:48:46 - info: Connected to MongoDB
2025-01-17 22:51:19 - info: Server started on port 3000
2025-01-17 22:51:19 - info: Connected to MongoDB
2025-01-17 22:57:31 - info: Server started on port 3000
2025-01-17 22:57:31 - info: Connected to MongoDB
2025-01-17 22:57:49 - info: Server started on port 3000
2025-01-17 22:57:49 - info: Connected to MongoDB
2025-01-17 22:58:02 - info: Server started on port 3000
2025-01-17 22:58:02 - info: Connected to MongoDB
2025-01-17 22:58:13 - info: HTTP Request
2025-01-17 22:58:13 - info: HTTP Request
2025-01-17 22:58:14 - info: HTTP Request
2025-01-17 22:58:14 - info: HTTP Request
2025-01-17 22:59:56 - info: Server started on port 3000
2025-01-17 22:59:56 - info: Connected to MongoDB
2025-01-17 23:00:02 - info: Server started on port 3000
2025-01-17 23:00:02 - info: Connected to MongoDB
2025-01-17 23:00:13 - info: HTTP Request
2025-01-17 23:00:13 - info: HTTP Request
2025-01-17 23:00:13 - info: HTTP Request
2025-01-17 23:00:13 - info: HTTP Request
2025-01-17 23:00:13 - info: HTTP Request
2025-01-17 23:00:13 - info: HTTP Request
2025-01-17 23:00:14 - info: HTTP Request
2025-01-17 23:00:14 - info: HTTP Request
2025-01-17 23:00:15 - info: HTTP Request
2025-01-17 23:00:15 - info: HTTP Request
2025-01-17 23:00:18 - info: HTTP Request
2025-01-17 23:01:35 - info: HTTP Request
2025-01-17 23:01:35 - info: HTTP Request
2025-01-17 23:02:02 - info: HTTP Request
2025-01-17 23:02:02 - info: HTTP Request
2025-01-17 23:02:06 - info: HTTP Request
2025-01-17 23:02:21 - info: HTTP Request
2025-01-17 23:02:47 - info: HTTP Request
2025-01-17 23:02:47 - info: HTTP Request
2025-01-17 23:02:54 - info: HTTP Request
2025-01-17 23:02:54 - info: HTTP Request
2025-01-17 23:02:57 - info: HTTP Request
2025-01-17 23:02:57 - info: HTTP Request
2025-01-17 23:03:00 - info: HTTP Request
2025-01-17 23:05:12 - info: Server started on port 3000
2025-01-17 23:05:12 - info: Connected to MongoDB
2025-01-17 23:05:24 - info: HTTP Request
2025-01-17 23:05:50 - info: HTTP Request
2025-01-17 23:10:55 - info: HTTP Request
2025-01-17 23:10:55 - info: HTTP Request
2025-01-17 23:10:56 - info: HTTP Request
2025-01-17 23:10:56 - info: HTTP Request
2025-01-17 23:11:05 - info: HTTP Request
2025-01-17 23:12:23 - info: Server started on port 3000
2025-01-17 23:12:23 - info: Connected to MongoDB
2025-01-17 23:12:32 - info: HTTP Request
2025-01-17 23:12:32 - info: HTTP Request
2025-01-17 23:12:33 - info: HTTP Request
2025-01-17 23:12:33 - info: HTTP Request
2025-01-17 23:12:36 - info: HTTP Request
2025-01-17 23:12:42 - info: HTTP Request
2025-01-17 23:12:42 - info: HTTP Request
2025-01-17 23:12:44 - info: HTTP Request
2025-01-17 23:12:44 - info: HTTP Request
2025-01-17 23:12:46 - info: HTTP Request
2025-01-17 23:12:46 - info: HTTP Request
2025-01-17 23:12:47 - info: HTTP Request
2025-01-17 23:12:47 - info: HTTP Request
2025-01-17 23:13:10 - info: HTTP Request
2025-01-17 23:13:10 - info: HTTP Request
2025-01-17 23:13:10 - info: HTTP Request
2025-01-17 23:13:10 - info: HTTP Request
2025-01-17 23:13:10 - info: HTTP Request
2025-01-17 23:13:10 - info: HTTP Request
2025-01-17 23:13:27 - info: HTTP Request
2025-01-17 23:13:27 - info: HTTP Request
2025-01-17 23:13:33 - info: HTTP Request
2025-01-17 23:13:33 - info: HTTP Request
2025-01-17 23:14:13 - info: HTTP Request
2025-01-17 23:14:13 - info: HTTP Request
2025-01-17 23:14:13 - info: HTTP Request
2025-01-17 23:14:13 - info: HTTP Request
2025-01-17 23:14:13 - info: HTTP Request
2025-01-17 23:14:13 - info: HTTP Request
2025-01-17 23:14:15 - info: HTTP Request
2025-01-17 23:14:15 - info: HTTP Request
2025-01-17 23:14:16 - info: HTTP Request
2025-01-17 23:14:16 - info: HTTP Request
2025-01-17 23:14:21 - info: HTTP Request
2025-01-17 23:14:21 - info: HTTP Request
2025-01-17 23:14:22 - info: HTTP Request
2025-01-17 23:14:22 - info: HTTP Request
2025-01-17 23:14:22 - info: HTTP Request
2025-01-17 23:14:22 - info: HTTP Request
2025-01-17 23:14:22 - info: HTTP Request
2025-01-17 23:14:22 - info: HTTP Request
2025-01-17 23:20:23 - info: HTTP Request
2025-01-17 23:20:23 - info: HTTP Request
2025-01-17 23:20:23 - info: HTTP Request
2025-01-17 23:20:23 - info: HTTP Request
2025-01-17 23:20:23 - info: HTTP Request
2025-01-17 23:20:23 - info: HTTP Request
2025-01-17 23:20:24 - info: HTTP Request
2025-01-17 23:20:24 - info: HTTP Request
2025-01-17 23:20:24 - info: HTTP Request
2025-01-17 23:20:24 - info: HTTP Request
2025-01-17 23:20:26 - info: HTTP Request
2025-01-17 23:20:26 - info: HTTP Request
2025-01-17 23:20:26 - info: HTTP Request
2025-01-17 23:20:26 - info: HTTP Request
2025-01-17 23:20:26 - info: HTTP Request
2025-01-17 23:20:26 - info: HTTP Request
2025-01-17 23:20:26 - info: HTTP Request
2025-01-17 23:20:26 - info: HTTP Request
2025-01-17 23:49:38 - info: HTTP Request
2025-01-17 23:49:38 - info: HTTP Request
2025-01-17 23:49:38 - info: HTTP Request
2025-01-17 23:49:38 - info: HTTP Request
2025-01-17 23:49:38 - info: HTTP Request
2025-01-17 23:49:38 - info: HTTP Request
2025-01-17 23:49:40 - info: HTTP Request
2025-01-17 23:49:40 - info: HTTP Request
2025-01-17 23:49:42 - info: HTTP Request
2025-01-17 23:49:42 - info: HTTP Request
2025-01-17 23:49:46 - info: HTTP Request
2025-01-17 23:49:50 - info: HTTP Request
2025-01-17 23:49:57 - info: HTTP Request
2025-01-17 23:49:57 - info: HTTP Request
2025-01-17 23:50:00 - info: HTTP Request
2025-01-17 23:50:00 - info: HTTP Request
2025-01-17 23:50:00 - info: HTTP Request
2025-01-17 23:50:00 - info: HTTP Request
2025-01-17 23:50:00 - info: HTTP Request
2025-01-17 23:50:00 - info: HTTP Request
2025-01-17 23:50:47 - info: HTTP Request
2025-01-17 23:50:47 - info: HTTP Request
2025-01-17 23:50:48 - info: HTTP Request
2025-01-17 23:50:48 - info: HTTP Request
2025-01-17 23:50:51 - info: HTTP Request
2025-01-17 23:50:51 - info: HTTP Request
2025-01-17 23:50:53 - info: HTTP Request
2025-01-17 23:50:53 - info: HTTP Request
2025-01-17 23:50:53 - info: HTTP Request
2025-01-17 23:50:53 - info: HTTP Request
2025-01-17 23:50:53 - info: HTTP Request
2025-01-17 23:50:53 - info: HTTP Request
2025-01-17 23:51:15 - info: HTTP Request
2025-01-17 23:51:15 - info: HTTP Request
2025-01-17 23:51:15 - info: HTTP Request
2025-01-17 23:51:15 - info: HTTP Request
2025-01-17 23:51:15 - info: HTTP Request
2025-01-17 23:51:15 - info: HTTP Request
2025-01-18 00:06:35 - info: User login attempt
2025-01-18 00:06:35 - info: User suresh@example.com logged in successfully
2025-01-18 00:06:35 - info: HTTP Request
2025-01-18 00:07:35 - info: User login attempt
2025-01-18 00:07:35 - info: User suresh@example.com logged in successfully
2025-01-18 00:07:35 - info: HTTP Request
2025-01-18 00:11:36 - info: HTTP Request
2025-01-18 00:11:36 - info: HTTP Request
2025-01-18 00:11:36 - info: HTTP Request
2025-01-18 00:11:36 - info: HTTP Request
2025-01-18 00:11:36 - info: HTTP Request
2025-01-18 00:11:36 - info: HTTP Request
2025-01-18 00:11:37 - info: HTTP Request
2025-01-18 00:11:37 - info: HTTP Request
2025-01-18 00:11:38 - info: HTTP Request
2025-01-18 00:11:38 - info: HTTP Request
2025-01-18 00:18:50 - info: User login attempt
2025-01-18 00:18:50 - info: User suresh@example.com logged in successfully
2025-01-18 00:18:50 - info: HTTP Request
2025-01-18 00:41:45 - info: User login attempt
2025-01-18 00:41:45 - info: User suresh@example.com logged in successfully
2025-01-18 00:41:45 - info: HTTP Request
2025-01-19 04:49:55 - warn: Token verification failed: jwt expired
2025-01-19 04:49:55 - info: HTTP Request
2025-01-19 04:49:55 - warn: Token verification failed: jwt expired
2025-01-19 04:49:55 - info: HTTP Request
2025-01-19 04:49:55 - warn: Token verification failed: jwt expired
2025-01-19 04:49:55 - info: HTTP Request
2025-01-19 04:49:55 - warn: Token verification failed: jwt expired
2025-01-19 04:49:55 - info: HTTP Request
2025-01-19 04:49:55 - warn: Token verification failed: jwt expired
2025-01-19 04:49:55 - info: HTTP Request
2025-01-19 04:49:55 - warn: Token verification failed: jwt expired
2025-01-19 04:49:55 - info: HTTP Request
2025-01-19 04:50:34 - info: User login attempt
2025-01-19 04:50:35 - info: User suresh@example.com logged in successfully
2025-01-19 04:50:35 - info: HTTP Request
2025-01-19 04:50:37 - info: HTTP Request
2025-01-19 04:50:37 - info: HTTP Request
2025-01-19 04:50:37 - info: HTTP Request
2025-01-19 04:50:37 - info: HTTP Request
2025-01-19 04:50:37 - info: HTTP Request
2025-01-19 04:50:37 - info: HTTP Request
2025-01-19 04:50:39 - info: HTTP Request
2025-01-19 04:50:39 - info: HTTP Request
2025-01-19 04:50:41 - info: HTTP Request
2025-01-19 04:50:41 - info: HTTP Request
2025-01-19 04:50:43 - info: HTTP Request
2025-01-19 04:50:43 - info: HTTP Request
2025-01-19 04:50:44 - info: HTTP Request
2025-01-19 04:50:44 - info: HTTP Request
2025-01-19 04:50:44 - info: HTTP Request
2025-01-19 04:50:44 - info: HTTP Request
2025-01-19 04:50:44 - info: HTTP Request
2025-01-19 04:50:44 - info: HTTP Request
2025-01-19 04:50:44 - info: HTTP Request
2025-01-19 04:50:44 - info: HTTP Request
2025-01-19 04:50:51 - info: HTTP Request
2025-01-19 04:50:51 - info: HTTP Request
2025-01-19 04:52:46 - info: HTTP Request
2025-01-19 04:54:09 - info: User login attempt
2025-01-19 04:54:09 - info: User suresh@example.com logged in successfully
2025-01-19 04:54:09 - info: HTTP Request
2025-01-19 04:54:11 - info: HTTP Request
2025-01-19 04:54:11 - info: HTTP Request
2025-01-19 04:54:11 - info: HTTP Request
2025-01-19 04:54:11 - info: HTTP Request
2025-01-19 04:54:11 - info: HTTP Request
2025-01-19 04:54:11 - info: HTTP Request
2025-01-19 04:58:34 - info: HTTP Request
2025-01-19 04:58:34 - info: HTTP Request
2025-01-19 04:58:34 - info: HTTP Request
2025-01-19 04:58:34 - info: HTTP Request
2025-01-19 04:58:34 - info: HTTP Request
2025-01-19 04:58:34 - info: HTTP Request
2025-01-19 04:58:49 - info: HTTP Request
2025-01-19 04:58:49 - info: HTTP Request
2025-01-19 04:58:50 - info: HTTP Request
2025-01-19 04:58:54 - info: HTTP Request
2025-01-19 04:58:54 - info: HTTP Request
2025-01-19 04:59:06 - info: HTTP Request
2025-01-19 04:59:06 - info: HTTP Request
2025-01-19 04:59:06 - info: HTTP Request
2025-01-19 04:59:06 - info: HTTP Request
2025-01-19 04:59:06 - info: HTTP Request
2025-01-19 04:59:06 - info: HTTP Request
2025-01-19 04:59:17 - info: HTTP Request
2025-01-19 05:15:03 - info: HTTP Request
2025-01-19 05:15:07 - info: HTTP Request
2025-01-19 05:22:11 - info: HTTP Request
2025-01-19 05:22:13 - info: HTTP Request
2025-01-19 05:23:49 - info: HTTP Request
2025-01-19 05:23:49 - info: HTTP Request
2025-01-19 05:23:49 - info: HTTP Request
2025-01-19 05:23:49 - info: HTTP Request
2025-01-19 05:23:49 - info: HTTP Request
2025-01-19 05:23:49 - info: HTTP Request
2025-01-19 05:23:55 - info: HTTP Request
2025-01-19 05:23:57 - info: HTTP Request
2025-01-19 05:24:41 - info: HTTP Request
2025-01-19 05:24:41 - info: HTTP Request
2025-01-19 05:24:41 - info: HTTP Request
2025-01-19 05:24:52 - info: HTTP Request
2025-01-19 05:24:52 - info: HTTP Request
2025-01-19 05:24:52 - info: HTTP Request
2025-01-19 05:24:52 - info: HTTP Request
2025-01-19 05:24:52 - info: HTTP Request
2025-01-19 05:24:52 - info: HTTP Request
2025-01-19 05:32:45 - info: User login attempt
2025-01-19 05:32:45 - info: User suresh@example.com logged in successfully
2025-01-19 05:32:45 - info: HTTP Request
2025-01-19 05:32:53 - info: HTTP Request
2025-01-19 05:33:04 - info: HTTP Request
2025-01-19 05:33:04 - info: HTTP Request
2025-01-19 05:33:05 - info: HTTP Request
2025-01-19 05:33:05 - info: HTTP Request
2025-01-19 05:33:06 - info: HTTP Request
2025-01-19 05:33:06 - info: HTTP Request
2025-01-19 05:33:06 - info: HTTP Request
2025-01-19 05:33:06 - info: HTTP Request
2025-01-19 05:33:06 - info: HTTP Request
2025-01-19 05:33:06 - info: HTTP Request
2025-01-19 05:33:07 - info: HTTP Request
2025-01-19 05:33:07 - info: HTTP Request
2025-01-19 05:33:14 - info: HTTP Request
2025-01-19 05:33:21 - info: HTTP Request
2025-01-19 05:35:01 - info: HTTP Request
2025-01-19 05:35:01 - info: HTTP Request
2025-01-19 05:35:08 - info: HTTP Request
2025-01-19 05:35:41 - info: HTTP Request
2025-01-19 05:35:41 - info: HTTP Request
2025-01-19 05:35:41 - info: HTTP Request
2025-01-19 05:35:41 - info: HTTP Request
2025-01-19 05:35:41 - info: HTTP Request
2025-01-19 05:35:41 - info: HTTP Request
2025-01-19 05:35:42 - info: HTTP Request
2025-01-19 05:35:42 - info: HTTP Request
2025-01-19 05:35:56 - info: HTTP Request
2025-01-19 05:35:56 - info: HTTP Request
2025-01-19 07:00:06 - info: Server started on port 3000
2025-01-19 07:00:06 - info: Connected to MongoDB
2025-01-19 07:00:23 - info: Creating new user
2025-01-19 07:00:23 - error: Error creating user
2025-01-19 07:00:23 - info: HTTP Request
2025-01-19 07:00:36 - info: Creating new user
2025-01-19 07:00:36 - error: Error creating user
2025-01-19 07:00:36 - info: HTTP Request
2025-01-19 07:00:46 - info: Creating new user
2025-01-19 07:00:46 - error: Error creating user
2025-01-19 07:00:46 - info: HTTP Request
2025-01-19 07:00:54 - info: HTTP Request
2025-01-19 07:00:54 - info: HTTP Request
2025-01-19 07:00:58 - info: HTTP Request
2025-01-19 07:01:12 - info: User login attempt
2025-01-19 07:01:12 - info: User suresh@example.com logged in successfully
2025-01-19 07:01:12 - info: HTTP Request
2025-01-19 07:01:28 - info: User login attempt
2025-01-19 07:01:28 - info: User suresh@example.com logged in successfully
2025-01-19 07:01:28 - info: HTTP Request
2025-01-19 07:01:36 - info: HTTP Request
2025-01-19 07:01:40 - info: HTTP Request
2025-01-19 07:01:40 - info: HTTP Request
2025-01-19 07:01:40 - info: HTTP Request
2025-01-19 07:01:40 - info: HTTP Request
2025-01-19 07:01:40 - info: HTTP Request
2025-01-19 07:01:40 - info: HTTP Request
2025-01-19 07:01:46 - info: HTTP Request
2025-01-19 07:01:46 - info: HTTP Request
2025-01-19 07:01:46 - info: HTTP Request
2025-01-19 07:01:51 - info: HTTP Request
2025-01-19 07:01:51 - info: HTTP Request
2025-01-19 07:08:42 - info: Creating new user
2025-01-19 07:08:42 - error: Error creating user
2025-01-19 07:08:42 - info: HTTP Request
2025-01-19 07:08:59 - info: Creating new user
2025-01-19 07:08:59 - error: Error creating user
2025-01-19 07:08:59 - info: HTTP Request
2025-01-19 07:11:41 - info: Creating new user
2025-01-19 07:11:41 - error: Error creating user
2025-01-19 07:11:41 - info: HTTP Request
2025-01-19 07:12:05 - info: Creating new user
2025-01-19 07:12:05 - error: Error creating user
2025-01-19 07:12:05 - info: HTTP Request
2025-01-19 07:13:50 - info: Creating new user
2025-01-19 07:13:50 - error: Error creating user
2025-01-19 07:13:50 - info: HTTP Request
2025-01-19 07:14:17 - info: Creating new user
2025-01-19 07:14:17 - error: Error creating user
2025-01-19 07:14:17 - info: HTTP Request
2025-01-19 07:18:20 - info: Creating new user
2025-01-19 07:18:20 - error: Error creating user
2025-01-19 07:18:20 - info: HTTP Request
2025-01-19 07:18:36 - info: Server started on port 3000
2025-01-19 07:18:36 - info: Connected to MongoDB
2025-01-19 07:18:43 - info: Creating new user
2025-01-19 07:18:43 - info: user not found
2025-01-19 07:18:43 - info: User created successfully
2025-01-19 07:18:43 - info: HTTP Request
2025-01-19 15:26:35 - info: User login attempt
2025-01-19 15:26:35 - info: User neha@gmail.com logged in successfully
2025-01-19 15:26:35 - info: HTTP Request
2025-01-19 15:26:44 - info: HTTP Request
2025-01-19 15:26:44 - info: HTTP Request
2025-01-19 15:26:46 - info: HTTP Request
2025-01-19 15:26:46 - info: HTTP Request
2025-01-19 15:26:47 - info: HTTP Request
2025-01-19 15:26:47 - info: HTTP Request
2025-01-19 15:26:49 - info: HTTP Request
2025-01-19 15:26:49 - info: HTTP Request
2025-01-19 15:26:49 - info: HTTP Request
2025-01-19 15:26:49 - info: HTTP Request
2025-01-19 15:26:49 - info: HTTP Request
2025-01-19 15:26:49 - info: HTTP Request
2025-01-19 15:36:20 - info: User login attempt
2025-01-19 15:36:20 - info: User neha@gmail.com logged in successfully
2025-01-19 15:36:20 - info: HTTP Request
2025-01-19 15:36:30 - info: HTTP Request
2025-01-19 15:36:30 - info: HTTP Request
2025-01-19 15:36:33 - info: HTTP Request
2025-01-19 15:36:33 - info: HTTP Request
2025-01-19 15:36:33 - info: HTTP Request
2025-01-19 15:36:33 - info: HTTP Request
2025-01-19 15:36:33 - info: HTTP Request
2025-01-19 15:36:33 - info: HTTP Request
2025-01-19 15:36:33 - info: HTTP Request
2025-01-19 15:36:33 - info: HTTP Request
2025-01-19 15:36:34 - info: HTTP Request
2025-01-19 15:36:34 - info: HTTP Request
2025-01-19 23:06:54 - info: HTTP Request
2025-01-19 23:06:54 - info: HTTP Request
2025-01-19 23:07:00 - info: User login attempt
2025-01-19 23:07:00 - info: User suresh@example.com logged in successfully
2025-01-19 23:07:00 - info: HTTP Request
2025-01-19 23:07:04 - info: HTTP Request
2025-01-19 23:07:04 - info: HTTP Request
2025-01-19 23:07:19 - info: HTTP Request
2025-01-19 23:07:19 - info: HTTP Request
